[2024-01-22 10:00:49 [32mINFO [0;39m background-preinit] [org.hibernate.validator.internal.util.Version] [36mHV000001: Hibernate Validator 8.0.1.Final[0;39m
[2024-01-22 10:00:50 [32mINFO [0;39m restartedMain] [com.green.greengram4.Greengram4Application] [36mStarting Greengram4Application using Java 17.0.8.1 with PID 10360 (D:\2023_second\greengram4\build\classes\java\main started by Administrator in D:\2023_second\greengram4)[0;39m
[2024-01-22 10:00:50 [32mINFO [0;39m restartedMain] [com.green.greengram4.Greengram4Application] [36mNo active profile set, falling back to 1 default profile: "default"[0;39m
[2024-01-22 10:00:50 [32mINFO [0;39m restartedMain] [org.springframework.boot.devtools.env.DevToolsPropertyDefaultsPostProcessor] [36mDevtools property defaults active! Set 'spring.devtools.add-properties' to 'false' to disable[0;39m
[2024-01-22 10:00:50 [32mINFO [0;39m restartedMain] [org.springframework.boot.devtools.env.DevToolsPropertyDefaultsPostProcessor] [36mFor additional web related logging consider setting the 'logging.level.web' property to 'DEBUG'[0;39m
[2024-01-22 10:00:50 [32mINFO [0;39m restartedMain] [org.springframework.boot.web.embedded.tomcat.TomcatWebServer] [36mTomcat initialized with port 8082 (http)[0;39m
[2024-01-22 10:00:50 [32mINFO [0;39m restartedMain] [org.apache.coyote.http11.Http11NioProtocol] [36mInitializing ProtocolHandler ["http-nio-8082"][0;39m
[2024-01-22 10:00:50 [32mINFO [0;39m restartedMain] [org.apache.catalina.core.StandardService] [36mStarting service [Tomcat][0;39m
[2024-01-22 10:00:50 [32mINFO [0;39m restartedMain] [org.apache.catalina.core.StandardEngine] [36mStarting Servlet engine: [Apache Tomcat/10.1.17][0;39m
[2024-01-22 10:00:51 [32mINFO [0;39m restartedMain] [org.apache.catalina.core.ContainerBase.[Tomcat].[localhost].[/]] [36mInitializing Spring embedded WebApplicationContext[0;39m
[2024-01-22 10:00:51 [32mINFO [0;39m restartedMain] [org.springframework.boot.web.servlet.context.ServletWebServerApplicationContext] [36mRoot WebApplicationContext: initialization completed in 964 ms[0;39m
[2024-01-22 10:00:51 [32mINFO [0;39m restartedMain] [com.green.greengram4.common.FirebaseConfiguration] [36mFirebaseApp Initialization Complete !!![0;39m
[2024-01-22 10:00:51 [33mWARN [0;39m restartedMain] [org.springframework.boot.autoconfigure.security.servlet.UserDetailsServiceAutoConfiguration] [36m

Using generated security password: 009ef2df-0a4e-462a-a9b6-e3e2a5d98038

This generated password is for development use only. Your security configuration must be updated before running your application in production.
[0;39m
[2024-01-22 10:00:51 [32mINFO [0;39m restartedMain] [org.springframework.boot.autoconfigure.web.servlet.WelcomePageHandlerMapping] [36mAdding welcome page: class path resource [static/index.html][0;39m
[2024-01-22 10:00:51 [32mINFO [0;39m restartedMain] [org.springframework.security.web.DefaultSecurityFilterChain] [36mWill secure any request with [org.springframework.security.web.session.DisableEncodeUrlFilter@62a5b2ee, org.springframework.security.web.context.request.async.WebAsyncManagerIntegrationFilter@15665094, org.springframework.security.web.context.SecurityContextHolderFilter@2d992119, org.springframework.security.web.header.HeaderWriterFilter@58daca62, org.springframework.web.filter.CorsFilter@1fd5de7f, org.springframework.security.web.authentication.logout.LogoutFilter@51b8c867, com.green.greengram4.security.JwtAuthenticationFilter@145849ab, org.springframework.security.web.savedrequest.RequestCacheAwareFilter@135d09be, org.springframework.security.web.servletapi.SecurityContextHolderAwareRequestFilter@1ffc7590, org.springframework.security.web.authentication.AnonymousAuthenticationFilter@1d9dd0ba, org.springframework.security.web.session.SessionManagementFilter@4a199bb5, org.springframework.security.web.access.ExceptionTranslationFilter@19d8ab47, org.springframework.security.web.access.intercept.AuthorizationFilter@4867fa74][0;39m
[2024-01-22 10:00:51 [32mINFO [0;39m restartedMain] [org.springframework.boot.devtools.autoconfigure.OptionalLiveReloadServer] [36mLiveReload server is running on port 35729[0;39m
[2024-01-22 10:00:51 [32mINFO [0;39m restartedMain] [org.apache.coyote.http11.Http11NioProtocol] [36mStarting ProtocolHandler ["http-nio-8082"][0;39m
[2024-01-22 10:00:51 [32mINFO [0;39m restartedMain] [org.springframework.boot.web.embedded.tomcat.TomcatWebServer] [36mTomcat started on port 8082 (http) with context path ''[0;39m
[2024-01-22 10:00:51 [32mINFO [0;39m restartedMain] [com.green.greengram4.Greengram4Application] [36mStarted Greengram4Application in 2.117 seconds (process running for 2.555)[0;39m
[2024-01-22 10:01:29 INFO  background-preinit] [org.hibernate.validator.internal.util.Version] HV000001: Hibernate Validator 8.0.1.Final
[2024-01-22 10:01:29 INFO  Test worker] [com.green.greengram4.Greengram4ApplicationTests] Starting Greengram4ApplicationTests using Java 17.0.8.1 with PID 4752 (started by Administrator in D:\2023_second\greengram4)
[2024-01-22 10:01:29 INFO  Test worker] [com.green.greengram4.Greengram4ApplicationTests] No active profile set, falling back to 1 default profile: "default"
[2024-01-22 10:01:30 INFO  Test worker] [com.green.greengram4.common.FirebaseConfiguration] FirebaseApp Initialization Complete !!!
[2024-01-22 10:01:30 WARN  Test worker] [org.springframework.boot.autoconfigure.security.servlet.UserDetailsServiceAutoConfiguration] 

Using generated security password: 0da05c1b-20d0-43a5-9362-da8f219568f9

This generated password is for development use only. Your security configuration must be updated before running your application in production.

[2024-01-22 10:01:31 INFO  Test worker] [org.springframework.boot.autoconfigure.web.servlet.WelcomePageHandlerMapping] Adding welcome page: class path resource [static/index.html]
[2024-01-22 10:01:31 INFO  Test worker] [org.springframework.security.web.DefaultSecurityFilterChain] Will secure any request with [org.springframework.security.web.session.DisableEncodeUrlFilter@35ceec81, org.springframework.security.web.context.request.async.WebAsyncManagerIntegrationFilter@d13379e, org.springframework.security.web.context.SecurityContextHolderFilter@1da5c19d, org.springframework.security.web.header.HeaderWriterFilter@62883f8a, org.springframework.web.filter.CorsFilter@7c8df667, org.springframework.security.web.authentication.logout.LogoutFilter@336d28a1, com.green.greengram4.security.JwtAuthenticationFilter@498e41a4, org.springframework.security.web.savedrequest.RequestCacheAwareFilter@e706aa, org.springframework.security.web.servletapi.SecurityContextHolderAwareRequestFilter@25e6c22a, org.springframework.security.web.authentication.AnonymousAuthenticationFilter@be616f0, org.springframework.security.web.session.SessionManagementFilter@6e49b011, org.springframework.security.web.access.ExceptionTranslationFilter@10d905c1, org.springframework.security.web.access.intercept.AuthorizationFilter@3221588e]
[2024-01-22 10:01:31 INFO  Test worker] [com.green.greengram4.Greengram4ApplicationTests] Started Greengram4ApplicationTests in 2.026 seconds (process running for 2.992)
[2024-01-22 10:01:32 INFO  Test worker] [org.springframework.test.context.support.AnnotationConfigContextLoaderUtils] Could not detect default configuration classes for test class [com.green.greengram4.common.MyFileUtilsTest]: MyFileUtilsTest does not declare any static, non-private, non-final, nested classes annotated with @Configuration.
[2024-01-22 10:01:32 INFO  Test worker] [com.green.greengram4.common.MyFileUtilsTest] myFileUtils: 0494c0d5-e6b8-4cc6-84f1-99e44cf92d01.png
[2024-01-22 10:01:32 INFO  Test worker] [org.springframework.test.context.support.AnnotationConfigContextLoaderUtils] Could not detect default configuration classes for test class [com.green.greengram4.feed.FeedControllerTest]: FeedControllerTest does not declare any static, non-private, non-final, nested classes annotated with @Configuration.
[2024-01-22 10:01:32 INFO  Test worker] [org.springframework.boot.test.context.SpringBootTestContextBootstrapper] Found @SpringBootConfiguration com.green.greengram4.Greengram4Application for test class com.green.greengram4.feed.FeedControllerTest
[2024-01-22 10:01:32 INFO  Test worker] [com.green.greengram4.feed.FeedControllerTest] Starting FeedControllerTest using Java 17.0.8.1 with PID 4752 (started by Administrator in D:\2023_second\greengram4)
[2024-01-22 10:01:32 INFO  Test worker] [com.green.greengram4.feed.FeedControllerTest] No active profile set, falling back to 1 default profile: "default"
[2024-01-22 10:01:32 INFO  Test worker] [org.springframework.boot.autoconfigure.web.servlet.WelcomePageHandlerMapping] Adding welcome page: class path resource [static/index.html]
[2024-01-22 10:01:32 WARN  Test worker] [org.springframework.boot.autoconfigure.security.servlet.UserDetailsServiceAutoConfiguration] 

Using generated security password: 3050b601-9449-4335-b815-34c6ad3a0062

This generated password is for development use only. Your security configuration must be updated before running your application in production.

[2024-01-22 10:01:32 INFO  Test worker] [org.springframework.security.web.DefaultSecurityFilterChain] Will secure any request with [org.springframework.security.web.session.DisableEncodeUrlFilter@2b625e82, org.springframework.security.web.context.request.async.WebAsyncManagerIntegrationFilter@22657db1, org.springframework.security.web.context.SecurityContextHolderFilter@2e88ad38, org.springframework.security.web.header.HeaderWriterFilter@6ba02f70, org.springframework.web.filter.CorsFilter@58b30e3e, org.springframework.security.web.csrf.CsrfFilter@35975b05, org.springframework.security.web.authentication.logout.LogoutFilter@63541cd4, org.springframework.security.web.authentication.UsernamePasswordAuthenticationFilter@260f05ee, org.springframework.security.web.authentication.ui.DefaultLoginPageGeneratingFilter@63c66980, org.springframework.security.web.authentication.ui.DefaultLogoutPageGeneratingFilter@5325674a, org.springframework.security.web.authentication.www.BasicAuthenticationFilter@7a1878d, org.springframework.security.web.savedrequest.RequestCacheAwareFilter@2148849f, org.springframework.security.web.servletapi.SecurityContextHolderAwareRequestFilter@9771c71, org.springframework.security.web.authentication.AnonymousAuthenticationFilter@6a0aa5e2, org.springframework.security.web.access.ExceptionTranslationFilter@474deb4c, org.springframework.security.web.access.intercept.AuthorizationFilter@7a023e34]
[2024-01-22 10:01:32 INFO  Test worker] [org.springframework.boot.test.mock.web.SpringBootMockServletContext] Initializing Spring TestDispatcherServlet ''
[2024-01-22 10:01:32 INFO  Test worker] [org.springframework.test.web.servlet.TestDispatcherServlet] Initializing Servlet ''
[2024-01-22 10:01:32 INFO  Test worker] [org.springframework.test.web.servlet.TestDispatcherServlet] Completed initialization in 0 ms
[2024-01-22 10:01:32 INFO  Test worker] [com.green.greengram4.feed.FeedControllerTest] Started FeedControllerTest in 0.559 seconds (process running for 4.347)
[2024-01-22 10:01:32 INFO  Test worker] [org.springframework.test.context.support.AnnotationConfigContextLoaderUtils] Could not detect default configuration classes for test class [com.green.greengram4.feed.FeedFavMapperTest]: FeedFavMapperTest does not declare any static, non-private, non-final, nested classes annotated with @Configuration.
[2024-01-22 10:01:32 INFO  Test worker] [org.springframework.boot.test.context.SpringBootTestContextBootstrapper] Found @SpringBootConfiguration com.green.greengram4.Greengram4Application for test class com.green.greengram4.feed.FeedFavMapperTest
[2024-01-22 10:01:32 INFO  Test worker] [com.green.greengram4.feed.FeedFavMapperTest] Starting FeedFavMapperTest using Java 17.0.8.1 with PID 4752 (started by Administrator in D:\2023_second\greengram4)
[2024-01-22 10:01:32 INFO  Test worker] [com.green.greengram4.feed.FeedFavMapperTest] No active profile set, falling back to 1 default profile: "default"
[2024-01-22 10:01:33 INFO  Test worker] [com.green.greengram4.feed.FeedFavMapperTest] Started FeedFavMapperTest in 0.271 seconds (process running for 4.77)
[2024-01-22 10:01:33 INFO  Test worker] [com.zaxxer.hikari.HikariDataSource] HikariPool-1 - Starting...
[2024-01-22 10:01:33 INFO  Test worker] [com.zaxxer.hikari.pool.HikariPool] HikariPool-1 - Added connection org.mariadb.jdbc.Connection@19ea65f4
[2024-01-22 10:01:33 INFO  Test worker] [com.zaxxer.hikari.HikariDataSource] HikariPool-1 - Start completed.
[2024-01-22 10:01:33 INFO  Test worker] [org.springframework.test.context.support.AnnotationConfigContextLoaderUtils] Could not detect default configuration classes for test class [com.green.greengram4.feed.FeedIntegrationTest]: FeedIntegrationTest does not declare any static, non-private, non-final, nested classes annotated with @Configuration.
[2024-01-22 10:01:33 INFO  Test worker] [org.springframework.boot.test.context.SpringBootTestContextBootstrapper] Found @SpringBootConfiguration com.green.greengram4.Greengram4Application for test class com.green.greengram4.feed.FeedIntegrationTest
[2024-01-22 10:01:33 INFO  Test worker] [com.green.greengram4.feed.FeedIntegrationTest] Starting FeedIntegrationTest using Java 17.0.8.1 with PID 4752 (started by Administrator in D:\2023_second\greengram4)
[2024-01-22 10:01:33 INFO  Test worker] [com.green.greengram4.feed.FeedIntegrationTest] No active profile set, falling back to 1 default profile: "default"
[2024-01-22 10:01:33 INFO  Test worker] [org.springframework.boot.web.embedded.tomcat.TomcatWebServer] Tomcat initialized with port 0 (http)
[2024-01-22 10:01:33 INFO  Test worker] [org.apache.coyote.http11.Http11NioProtocol] Initializing ProtocolHandler ["http-nio-auto-1"]
[2024-01-22 10:01:33 INFO  Test worker] [org.apache.catalina.core.StandardService] Starting service [Tomcat]
[2024-01-22 10:01:33 INFO  Test worker] [org.apache.catalina.core.StandardEngine] Starting Servlet engine: [Apache Tomcat/10.1.17]
[2024-01-22 10:01:33 INFO  Test worker] [org.apache.catalina.core.ContainerBase.[Tomcat].[localhost].[/]] Initializing Spring embedded WebApplicationContext
[2024-01-22 10:01:33 INFO  Test worker] [org.springframework.boot.web.servlet.context.ServletWebServerApplicationContext] Root WebApplicationContext: initialization completed in 516 ms
[2024-01-22 10:01:34 WARN  Test worker] [org.springframework.boot.autoconfigure.security.servlet.UserDetailsServiceAutoConfiguration] 

Using generated security password: daab2ea9-1663-4e05-9c29-a621aa237f7b

This generated password is for development use only. Your security configuration must be updated before running your application in production.

[2024-01-22 10:01:34 INFO  Test worker] [org.springframework.boot.autoconfigure.web.servlet.WelcomePageHandlerMapping] Adding welcome page: class path resource [static/index.html]
[2024-01-22 10:01:34 INFO  Test worker] [org.springframework.security.web.DefaultSecurityFilterChain] Will secure any request with [org.springframework.security.web.session.DisableEncodeUrlFilter@257f1509, org.springframework.security.web.context.request.async.WebAsyncManagerIntegrationFilter@5d3b0f8a, org.springframework.security.web.context.SecurityContextHolderFilter@1227862a, org.springframework.security.web.header.HeaderWriterFilter@48028e11, org.springframework.web.filter.CorsFilter@3bfab643, org.springframework.security.web.authentication.logout.LogoutFilter@1aac520e, com.green.greengram4.security.JwtAuthenticationFilter@5af08232, org.springframework.security.web.savedrequest.RequestCacheAwareFilter@55ed76e6, org.springframework.security.web.servletapi.SecurityContextHolderAwareRequestFilter@943184c, org.springframework.security.web.authentication.AnonymousAuthenticationFilter@4b50ebea, org.springframework.security.web.session.SessionManagementFilter@36117f63, org.springframework.security.web.access.ExceptionTranslationFilter@75364777, org.springframework.security.web.access.intercept.AuthorizationFilter@35d8a046]
[2024-01-22 10:01:34 INFO  Test worker] [org.apache.catalina.core.ContainerBase.[Tomcat].[localhost].[/]] Initializing Spring TestDispatcherServlet ''
[2024-01-22 10:01:34 INFO  Test worker] [org.springframework.test.web.servlet.TestDispatcherServlet] Initializing Servlet ''
[2024-01-22 10:01:34 INFO  Test worker] [org.springframework.test.web.servlet.TestDispatcherServlet] Completed initialization in 0 ms
[2024-01-22 10:01:34 INFO  Test worker] [org.apache.coyote.http11.Http11NioProtocol] Starting ProtocolHandler ["http-nio-auto-1"]
[2024-01-22 10:01:34 INFO  Test worker] [org.springframework.boot.web.embedded.tomcat.TomcatWebServer] Tomcat started on port 50431 (http) with context path ''
[2024-01-22 10:01:34 INFO  Test worker] [com.green.greengram4.feed.FeedIntegrationTest] Started FeedIntegrationTest in 0.836 seconds (process running for 5.8)
[2024-01-22 10:01:34 INFO  Test worker] [com.zaxxer.hikari.HikariDataSource] HikariPool-2 - Starting...
[2024-01-22 10:01:34 INFO  Test worker] [com.zaxxer.hikari.pool.HikariPool] HikariPool-2 - Added connection org.mariadb.jdbc.Connection@467f97e
[2024-01-22 10:01:34 INFO  Test worker] [com.zaxxer.hikari.HikariDataSource] HikariPool-2 - Start completed.
[2024-01-22 10:01:34 INFO  Test worker] [com.green.greengram4.security.JwtAuthenticationFilter] JwtAuthentication-Token: null
[2024-01-22 10:01:34 INFO  Test worker] [com.green.greengram4.security.JwtAuthenticationFilter] JwtAuthentication-Token: null
[2024-01-22 10:01:34 INFO  Test worker] [org.springframework.test.context.support.AnnotationConfigContextLoaderUtils] Could not detect default configuration classes for test class [com.green.greengram4.feed.FeedServiceTest]: FeedServiceTest does not declare any static, non-private, non-final, nested classes annotated with @Configuration.
[2024-01-22 10:01:34 INFO  Test worker] [org.springframework.boot.test.context.SpringBootTestContextBootstrapper] Found @SpringBootConfiguration com.green.greengram4.Greengram4Application for test class com.green.greengram4.feed.FeedServiceTest
[2024-01-22 10:01:34 INFO  Test worker] [com.green.greengram4.feed.FeedServiceTest] Starting FeedServiceTest using Java 17.0.8.1 with PID 4752 (started by Administrator in D:\2023_second\greengram4)
[2024-01-22 10:01:34 INFO  Test worker] [com.green.greengram4.feed.FeedServiceTest] No active profile set, falling back to 1 default profile: "default"
[2024-01-22 10:01:34 WARN  Test worker] [org.springframework.context.annotation.AnnotationConfigApplicationContext] Exception encountered during context initialization - cancelling refresh attempt: org.springframework.beans.factory.UnsatisfiedDependencyException: Error creating bean with name 'com.green.greengram4.feed.FeedService': Unsatisfied dependency expressed through constructor parameter 4: No qualifying bean of type 'com.green.greengram4.security.AuthenticationFaCade' available: expected at least 1 bean which qualifies as autowire candidate. Dependency annotations: {}
[2024-01-22 10:01:34 INFO  Test worker] [org.springframework.boot.autoconfigure.logging.ConditionEvaluationReportLogger] 

Error starting ApplicationContext. To display the condition evaluation report re-run your application with 'debug' enabled.
[2024-01-22 10:01:34 ERROR Test worker] [org.springframework.boot.diagnostics.LoggingFailureAnalysisReporter] 

***************************
APPLICATION FAILED TO START
***************************

Description:

Parameter 4 of constructor in com.green.greengram4.feed.FeedService required a bean of type 'com.green.greengram4.security.AuthenticationFaCade' that could not be found.


Action:

Consider defining a bean of type 'com.green.greengram4.security.AuthenticationFaCade' in your configuration.

[2024-01-22 10:01:34 WARN  Test worker] [org.springframework.test.context.TestContextManager] Caught exception while allowing TestExecutionListener [org.springframework.boot.test.mock.mockito.MockitoTestExecutionListener] to prepare test instance [com.green.greengram4.feed.FeedServiceTest@178826db]
java.lang.IllegalStateException: Failed to load ApplicationContext for [MergedContextConfiguration@219aab91 testClass = com.green.greengram4.feed.FeedServiceTest, locations = [], classes = [com.green.greengram4.Greengram4Application], contextInitializerClasses = [], activeProfiles = [], propertySourceDescriptors = [], propertySourceProperties = ["org.mybatis.spring.boot.test.autoconfigure.MybatisTestContextBootstrapper=true"], contextCustomizers = [org.springframework.boot.test.autoconfigure.OverrideAutoConfigurationContextCustomizerFactory$DisableAutoConfigurationContextCustomizer@77972964, org.springframework.boot.test.autoconfigure.actuate.observability.ObservabilityContextCustomizerFactory$DisableObservabilityContextCustomizer@1f, org.springframework.boot.test.autoconfigure.filter.TypeExcludeFiltersContextCustomizer@34be3d80, org.springframework.boot.test.autoconfigure.properties.PropertyMappingContextCustomizer@22d4086, org.springframework.boot.test.autoconfigure.web.servlet.WebDriverContextCustomizer@1698ee84, [ImportsContextCustomizer@655e3f4c key = [org.springframework.boot.autoconfigure.transaction.TransactionAutoConfiguration, com.green.greengram4.feed.FeedService, org.springframework.boot.autoconfigure.jdbc.DataSourceAutoConfiguration, org.springframework.boot.autoconfigure.cache.CacheAutoConfiguration, org.springframework.boot.autoconfigure.sql.init.SqlInitializationAutoConfiguration, org.springframework.boot.autoconfigure.jdbc.JdbcTemplateAutoConfiguration, org.springframework.boot.test.autoconfigure.jdbc.TestDatabaseAutoConfiguration, org.springframework.boot.autoconfigure.flyway.FlywayAutoConfiguration, org.mybatis.spring.boot.autoconfigure.MybatisLanguageDriverAutoConfiguration, org.springframework.boot.autoconfigure.jdbc.DataSourceTransactionManagerAutoConfiguration, org.springframework.boot.autoconfigure.liquibase.LiquibaseAutoConfiguration, org.mybatis.spring.boot.autoconfigure.MybatisAutoConfiguration]], org.springframework.boot.test.context.filter.ExcludeFilterContextCustomizer@328cf0e1, org.springframework.boot.test.json.DuplicateJsonObjectContextCustomizerFactory$DuplicateJsonObjectContextCustomizer@183e8023, org.springframework.boot.test.mock.mockito.MockitoContextCustomizer@38099ea8, org.springframework.boot.test.context.SpringBootTestAnnotation@fc41226d], contextLoader = org.springframework.boot.test.context.SpringBootContextLoader, parent = null]
	at org.springframework.test.context.cache.DefaultCacheAwareContextLoaderDelegate.loadContext(DefaultCacheAwareContextLoaderDelegate.java:180)
	at org.springframework.test.context.support.DefaultTestContext.getApplicationContext(DefaultTestContext.java:130)
	at org.springframework.boot.test.mock.mockito.MockitoTestExecutionListener.postProcessFields(MockitoTestExecutionListener.java:110)
	at org.springframework.boot.test.mock.mockito.MockitoTestExecutionListener.injectFields(MockitoTestExecutionListener.java:94)
	at org.springframework.boot.test.mock.mockito.MockitoTestExecutionListener.prepareTestInstance(MockitoTestExecutionListener.java:61)
	at org.springframework.test.context.TestContextManager.prepareTestInstance(TestContextManager.java:260)
	at org.springframework.test.context.junit.jupiter.SpringExtension.postProcessTestInstance(SpringExtension.java:163)
	at org.junit.jupiter.engine.descriptor.ClassBasedTestDescriptor.lambda$invokeTestInstancePostProcessors$10(ClassBasedTestDescriptor.java:378)
	at org.junit.jupiter.engine.descriptor.ClassBasedTestDescriptor.executeAndMaskThrowable(ClassBasedTestDescriptor.java:383)
	at org.junit.jupiter.engine.descriptor.ClassBasedTestDescriptor.lambda$invokeTestInstancePostProcessors$11(ClassBasedTestDescriptor.java:378)
	at java.base/java.util.stream.ReferencePipeline$3$1.accept(ReferencePipeline.java:197)
	at java.base/java.util.stream.ReferencePipeline$2$1.accept(ReferencePipeline.java:179)
	at java.base/java.util.ArrayList$ArrayListSpliterator.forEachRemaining(ArrayList.java:1625)
	at java.base/java.util.stream.AbstractPipeline.copyInto(AbstractPipeline.java:509)
	at java.base/java.util.stream.AbstractPipeline.wrapAndCopyInto(AbstractPipeline.java:499)
	at java.base/java.util.stream.StreamSpliterators$WrappingSpliterator.forEachRemaining(StreamSpliterators.java:310)
	at java.base/java.util.stream.Streams$ConcatSpliterator.forEachRemaining(Streams.java:735)
	at java.base/java.util.stream.Streams$ConcatSpliterator.forEachRemaining(Streams.java:734)
	at java.base/java.util.stream.ReferencePipeline$Head.forEach(ReferencePipeline.java:762)
	at org.junit.jupiter.engine.descriptor.ClassBasedTestDescriptor.invokeTestInstancePostProcessors(ClassBasedTestDescriptor.java:377)
	at org.junit.jupiter.engine.descriptor.ClassBasedTestDescriptor.lambda$instantiateAndPostProcessTestInstance$6(ClassBasedTestDescriptor.java:290)
	at org.junit.platform.engine.support.hierarchical.ThrowableCollector.execute(ThrowableCollector.java:73)
	at org.junit.jupiter.engine.descriptor.ClassBasedTestDescriptor.instantiateAndPostProcessTestInstance(ClassBasedTestDescriptor.java:289)
	at org.junit.jupiter.engine.descriptor.ClassBasedTestDescriptor.lambda$testInstancesProvider$4(ClassBasedTestDescriptor.java:279)
	at java.base/java.util.Optional.orElseGet(Optional.java:364)
	at org.junit.jupiter.engine.descriptor.ClassBasedTestDescriptor.lambda$testInstancesProvider$5(ClassBasedTestDescriptor.java:278)
	at org.junit.jupiter.engine.execution.TestInstancesProvider.getTestInstances(TestInstancesProvider.java:31)
	at org.junit.jupiter.engine.descriptor.TestMethodTestDescriptor.lambda$prepare$0(TestMethodTestDescriptor.java:106)
	at org.junit.platform.engine.support.hierarchical.ThrowableCollector.execute(ThrowableCollector.java:73)
	at org.junit.jupiter.engine.descriptor.TestMethodTestDescriptor.prepare(TestMethodTestDescriptor.java:105)
	at org.junit.jupiter.engine.descriptor.TestMethodTestDescriptor.prepare(TestMethodTestDescriptor.java:69)
	at org.junit.platform.engine.support.hierarchical.NodeTestTask.lambda$prepare$2(NodeTestTask.java:123)
	at org.junit.platform.engine.support.hierarchical.ThrowableCollector.execute(ThrowableCollector.java:73)
	at org.junit.platform.engine.support.hierarchical.NodeTestTask.prepare(NodeTestTask.java:123)
	at org.junit.platform.engine.support.hierarchical.NodeTestTask.execute(NodeTestTask.java:90)
	at java.base/java.util.ArrayList.forEach(ArrayList.java:1511)
	at org.junit.platform.engine.support.hierarchical.SameThreadHierarchicalTestExecutorService.invokeAll(SameThreadHierarchicalTestExecutorService.java:41)
	at org.junit.platform.engine.support.hierarchical.NodeTestTask.lambda$executeRecursively$6(NodeTestTask.java:155)
	at org.junit.platform.engine.support.hierarchical.ThrowableCollector.execute(ThrowableCollector.java:73)
	at org.junit.platform.engine.support.hierarchical.NodeTestTask.lambda$executeRecursively$8(NodeTestTask.java:141)
	at org.junit.platform.engine.support.hierarchical.Node.around(Node.java:137)
	at org.junit.platform.engine.support.hierarchical.NodeTestTask.lambda$executeRecursively$9(NodeTestTask.java:139)
	at org.junit.platform.engine.support.hierarchical.ThrowableCollector.execute(ThrowableCollector.java:73)
	at org.junit.platform.engine.support.hierarchical.NodeTestTask.executeRecursively(NodeTestTask.java:138)
	at org.junit.platform.engine.support.hierarchical.NodeTestTask.execute(NodeTestTask.java:95)
	at java.base/java.util.ArrayList.forEach(ArrayList.java:1511)
	at org.junit.platform.engine.support.hierarchical.SameThreadHierarchicalTestExecutorService.invokeAll(SameThreadHierarchicalTestExecutorService.java:41)
	at org.junit.platform.engine.support.hierarchical.NodeTestTask.lambda$executeRecursively$6(NodeTestTask.java:155)
	at org.junit.platform.engine.support.hierarchical.ThrowableCollector.execute(ThrowableCollector.java:73)
	at org.junit.platform.engine.support.hierarchical.NodeTestTask.lambda$executeRecursively$8(NodeTestTask.java:141)
	at org.junit.platform.engine.support.hierarchical.Node.around(Node.java:137)
	at org.junit.platform.engine.support.hierarchical.NodeTestTask.lambda$executeRecursively$9(NodeTestTask.java:139)
	at org.junit.platform.engine.support.hierarchical.ThrowableCollector.execute(ThrowableCollector.java:73)
	at org.junit.platform.engine.support.hierarchical.NodeTestTask.executeRecursively(NodeTestTask.java:138)
	at org.junit.platform.engine.support.hierarchical.NodeTestTask.execute(NodeTestTask.java:95)
	at org.junit.platform.engine.support.hierarchical.SameThreadHierarchicalTestExecutorService.submit(SameThreadHierarchicalTestExecutorService.java:35)
	at org.junit.platform.engine.support.hierarchical.HierarchicalTestExecutor.execute(HierarchicalTestExecutor.java:57)
	at org.junit.platform.engine.support.hierarchical.HierarchicalTestEngine.execute(HierarchicalTestEngine.java:54)
	at org.junit.platform.launcher.core.EngineExecutionOrchestrator.execute(EngineExecutionOrchestrator.java:107)
	at org.junit.platform.launcher.core.EngineExecutionOrchestrator.execute(EngineExecutionOrchestrator.java:88)
	at org.junit.platform.launcher.core.EngineExecutionOrchestrator.lambda$execute$0(EngineExecutionOrchestrator.java:54)
	at org.junit.platform.launcher.core.EngineExecutionOrchestrator.withInterceptedStreams(EngineExecutionOrchestrator.java:67)
	at org.junit.platform.launcher.core.EngineExecutionOrchestrator.execute(EngineExecutionOrchestrator.java:52)
	at org.junit.platform.launcher.core.DefaultLauncher.execute(DefaultLauncher.java:114)
	at org.junit.platform.launcher.core.DefaultLauncher.execute(DefaultLauncher.java:86)
	at org.junit.platform.launcher.core.DefaultLauncherSession$DelegatingLauncher.execute(DefaultLauncherSession.java:86)
	at org.gradle.api.internal.tasks.testing.junitplatform.JUnitPlatformTestClassProcessor$CollectAllTestClassesExecutor.processAllTestClasses(JUnitPlatformTestClassProcessor.java:119)
	at org.gradle.api.internal.tasks.testing.junitplatform.JUnitPlatformTestClassProcessor$CollectAllTestClassesExecutor.access$000(JUnitPlatformTestClassProcessor.java:94)
	at org.gradle.api.internal.tasks.testing.junitplatform.JUnitPlatformTestClassProcessor.stop(JUnitPlatformTestClassProcessor.java:89)
	at org.gradle.api.internal.tasks.testing.SuiteTestClassProcessor.stop(SuiteTestClassProcessor.java:62)
	at java.base/jdk.internal.reflect.NativeMethodAccessorImpl.invoke0(Native Method)
	at java.base/jdk.internal.reflect.NativeMethodAccessorImpl.invoke(NativeMethodAccessorImpl.java:77)
	at java.base/jdk.internal.reflect.DelegatingMethodAccessorImpl.invoke(DelegatingMethodAccessorImpl.java:43)
	at java.base/java.lang.reflect.Method.invoke(Method.java:568)
	at org.gradle.internal.dispatch.ReflectionDispatch.dispatch(ReflectionDispatch.java:36)
	at org.gradle.internal.dispatch.ReflectionDispatch.dispatch(ReflectionDispatch.java:24)
	at org.gradle.internal.dispatch.ContextClassLoaderDispatch.dispatch(ContextClassLoaderDispatch.java:33)
	at org.gradle.internal.dispatch.ProxyDispatchAdapter$DispatchingInvocationHandler.invoke(ProxyDispatchAdapter.java:94)
	at jdk.proxy1/jdk.proxy1.$Proxy2.stop(Unknown Source)
	at org.gradle.api.internal.tasks.testing.worker.TestWorker$3.run(TestWorker.java:193)
	at org.gradle.api.internal.tasks.testing.worker.TestWorker.executeAndMaintainThreadName(TestWorker.java:129)
	at org.gradle.api.internal.tasks.testing.worker.TestWorker.execute(TestWorker.java:100)
	at org.gradle.api.internal.tasks.testing.worker.TestWorker.execute(TestWorker.java:60)
	at org.gradle.process.internal.worker.child.ActionExecutionWorker.execute(ActionExecutionWorker.java:56)
	at org.gradle.process.internal.worker.child.SystemApplicationClassLoaderWorker.call(SystemApplicationClassLoaderWorker.java:113)
	at org.gradle.process.internal.worker.child.SystemApplicationClassLoaderWorker.call(SystemApplicationClassLoaderWorker.java:65)
	at worker.org.gradle.process.internal.worker.GradleWorkerMain.run(GradleWorkerMain.java:69)
	at worker.org.gradle.process.internal.worker.GradleWorkerMain.main(GradleWorkerMain.java:74)
Caused by: org.springframework.beans.factory.UnsatisfiedDependencyException: Error creating bean with name 'com.green.greengram4.feed.FeedService': Unsatisfied dependency expressed through constructor parameter 4: No qualifying bean of type 'com.green.greengram4.security.AuthenticationFaCade' available: expected at least 1 bean which qualifies as autowire candidate. Dependency annotations: {}
	at org.springframework.beans.factory.support.ConstructorResolver.createArgumentArray(ConstructorResolver.java:802)
	at org.springframework.beans.factory.support.ConstructorResolver.autowireConstructor(ConstructorResolver.java:241)
	at org.springframework.beans.factory.support.AbstractAutowireCapableBeanFactory.autowireConstructor(AbstractAutowireCapableBeanFactory.java:1354)
	at org.springframework.beans.factory.support.AbstractAutowireCapableBeanFactory.createBeanInstance(AbstractAutowireCapableBeanFactory.java:1191)
	at org.springframework.beans.factory.support.AbstractAutowireCapableBeanFactory.doCreateBean(AbstractAutowireCapableBeanFactory.java:561)
	at org.springframework.beans.factory.support.AbstractAutowireCapableBeanFactory.createBean(AbstractAutowireCapableBeanFactory.java:521)
	at org.springframework.beans.factory.support.AbstractBeanFactory.lambda$doGetBean$0(AbstractBeanFactory.java:325)
	at org.springframework.beans.factory.support.DefaultSingletonBeanRegistry.getSingleton(DefaultSingletonBeanRegistry.java:234)
	at org.springframework.beans.factory.support.AbstractBeanFactory.doGetBean(AbstractBeanFactory.java:323)
	at org.springframework.beans.factory.support.AbstractBeanFactory.getBean(AbstractBeanFactory.java:199)
	at org.springframework.beans.factory.support.DefaultListableBeanFactory.preInstantiateSingletons(DefaultListableBeanFactory.java:975)
	at org.springframework.context.support.AbstractApplicationContext.finishBeanFactoryInitialization(AbstractApplicationContext.java:960)
	at org.springframework.context.support.AbstractApplicationContext.refresh(AbstractApplicationContext.java:625)
	at org.springframework.boot.SpringApplication.refresh(SpringApplication.java:762)
	at org.springframework.boot.SpringApplication.refreshContext(SpringApplication.java:464)
	at org.springframework.boot.SpringApplication.run(SpringApplication.java:334)
	at org.springframework.boot.test.context.SpringBootContextLoader.lambda$loadContext$3(SpringBootContextLoader.java:137)
	at org.springframework.util.function.ThrowingSupplier.get(ThrowingSupplier.java:58)
	at org.springframework.util.function.ThrowingSupplier.get(ThrowingSupplier.java:46)
	at org.springframework.boot.SpringApplication.withHook(SpringApplication.java:1458)
	at org.springframework.boot.test.context.SpringBootContextLoader$ContextLoaderHook.run(SpringBootContextLoader.java:552)
	at org.springframework.boot.test.context.SpringBootContextLoader.loadContext(SpringBootContextLoader.java:137)
	at org.springframework.boot.test.context.SpringBootContextLoader.loadContext(SpringBootContextLoader.java:108)
	at org.springframework.test.context.cache.DefaultCacheAwareContextLoaderDelegate.loadContextInternal(DefaultCacheAwareContextLoaderDelegate.java:225)
	at org.springframework.test.context.cache.DefaultCacheAwareContextLoaderDelegate.loadContext(DefaultCacheAwareContextLoaderDelegate.java:152)
	... 87 common frames omitted
Caused by: org.springframework.beans.factory.NoSuchBeanDefinitionException: No qualifying bean of type 'com.green.greengram4.security.AuthenticationFaCade' available: expected at least 1 bean which qualifies as autowire candidate. Dependency annotations: {}
	at org.springframework.beans.factory.support.DefaultListableBeanFactory.raiseNoMatchingBeanFound(DefaultListableBeanFactory.java:1880)
	at org.springframework.beans.factory.support.DefaultListableBeanFactory.doResolveDependency(DefaultListableBeanFactory.java:1406)
	at org.springframework.beans.factory.support.DefaultListableBeanFactory.resolveDependency(DefaultListableBeanFactory.java:1353)
	at org.springframework.beans.factory.support.ConstructorResolver.resolveAutowiredArgument(ConstructorResolver.java:911)
	at org.springframework.beans.factory.support.ConstructorResolver.createArgumentArray(ConstructorResolver.java:789)
	... 111 common frames omitted
[2024-01-22 10:01:34 INFO  SpringApplicationShutdownHook] [com.zaxxer.hikari.HikariDataSource] HikariPool-1 - Shutdown initiated...
[2024-01-22 10:01:34 INFO  SpringApplicationShutdownHook] [com.zaxxer.hikari.HikariDataSource] HikariPool-1 - Shutdown completed.
[2024-01-22 10:01:34 INFO  SpringApplicationShutdownHook] [com.zaxxer.hikari.HikariDataSource] HikariPool-2 - Shutdown initiated...
[2024-01-22 10:01:34 INFO  SpringApplicationShutdownHook] [com.zaxxer.hikari.HikariDataSource] HikariPool-2 - Shutdown completed.
